0	1	mikroCPIC1618.exe -MSF -DBG -pP16F88 -DL -O11111114 -fo8 -N"D:\Cloud Storage\Dropbox\Projects\Electronics\PIC\MikroC PIC Programs\PIC16F88\ledcube3\ledcube3.mcppi" -SP"C:\Program Files (x86)\Mikroelektronika\mikroC PRO for PIC\defs\" -SP"C:\Program Files (x86)\Mikroelektronika\mikroC PRO for PIC\Uses\P16\" -SP"D:\Cloud Storage\Dropbox\Projects\Electronics\PIC\MikroC PIC Programs\PIC16F88\ledcube3\" -SP"D:\Cloud Storage\Dropbox\Projects\Electronics\PIC\MikroC PIC Programs\PIC16F688\ledcube3\" "ledcube3.c" "__Lib_Math.mcl" "__Lib_MathDouble.mcl" "__Lib_System.mcl" "__Lib_Delays.mcl" "__Lib_CType.mcl" "__Lib_CString.mcl" "__Lib_CStdlib.mcl" "__Lib_CMath.mcl" "__Lib_MemManager.mcl" "__Lib_Conversions.mcl" "__Lib_Sprinti.mcl" "__Lib_Sprintl.mcl" "__Lib_Time.mcl" "__Lib_Trigonometry.mcl" "__Lib_Button.mcl" "__Lib_Keypad4x4.mcl" "__Lib_Manchester.mcl" "__Lib_OneWire.mcl" "__Lib_PS2.mcl" "__Lib_Sound.mcl" "__Lib_SoftI2C.mcl" "__Lib_SoftSPI.mcl" "__Lib_SoftUART.mcl" "__Lib_ADC_A_C.mcl" "__Lib_EEPROM.mcl" "__Lib_FLASH_RWE.mcl" "__Lib_PWM_b0.mcl" "__Lib_SPI_b412.mcl" "__Lib_UART_b52.mcl" "__Lib_PortExpander.mcl" "__Lib_CANSPI.mcl" "__Lib_CF.mcl" "__Lib_GlcdFonts.mcl" "__Lib_Glcd.mcl" "__Lib_LcdConsts.mcl" "__Lib_Lcd.mcl" "__Lib_RS485.mcl" "__Lib_S1D13700.mcl" "__Lib_T6963C.mcl" "__Lib_SPIGlcd.mcl" "__Lib_SPILcd.mcl" "__Lib_SPILcd8.mcl" "__Lib_SPIT6963C.mcl" "__Lib_TouchPanel.mcl"	 
hint: 0	1139	Available RAM: 352 [bytes], Available ROM: 4096 [bytes]	 
diagnostics: 0	126	All files Preprocessed in 31 ms	 
diagnostics: 0	122	Compilation Started	ledcube3.c
warning: 33	1505	Suspicious pointer conversion	ledcube3.c
warning: 34	1505	Suspicious pointer conversion	ledcube3.c
warning: 35	1505	Suspicious pointer conversion	ledcube3.c
warning: 36	1505	Suspicious pointer conversion	ledcube3.c
warning: 39	1505	Suspicious pointer conversion	ledcube3.c
warning: 40	1505	Suspicious pointer conversion	ledcube3.c
warning: 41	1505	Suspicious pointer conversion	ledcube3.c
warning: 42	1505	Suspicious pointer conversion	ledcube3.c
warning: 45	1505	Suspicious pointer conversion	ledcube3.c
warning: 46	1505	Suspicious pointer conversion	ledcube3.c
warning: 47	1505	Suspicious pointer conversion	ledcube3.c
warning: 48	1505	Suspicious pointer conversion	ledcube3.c
warning: 51	1505	Suspicious pointer conversion	ledcube3.c
warning: 52	1505	Suspicious pointer conversion	ledcube3.c
warning: 53	1505	Suspicious pointer conversion	ledcube3.c
warning: 54	1505	Suspicious pointer conversion	ledcube3.c
diagnostics: 83	123	Compiled Successfully	ledcube3.c
diagnostics: 0	127	All files Compiled in 16 ms	 
hint: 0	1144	Used RAM (bytes): 79 (22%)  Free RAM (bytes): 273 (78%)	Used RAM (bytes): 79 (22%)  Free RAM (bytes): 273 (78%)
hint: 0	1144	Used ROM (program words): 683 (17%)  Free ROM (program words): 3413 (83%)	Used ROM (program words): 683 (17%)  Free ROM (program words): 3413 (83%)
diagnostics: 0	125	Project Linked Successfully	ledcube3.mcppi
diagnostics: 0	128	Linked in 46 ms	 
diagnostics: 0	129	Project 'ledcube3.mcppi' completed: 124 ms	 
diagnostics: 0	103	Finished successfully: 08 Mar 2014, 17:17:05	ledcube3.mcppi
