;  LST file generated by mikroListExporter - v.2.0 
; Date/Time: 3/8/2014 5:17:05 PM
;----------------------------------------------

;Address Opcode 	ASM
0x0000	0x29A0      	GOTO       416
_Div_16x16_S_L:
;__Lib_Math.c,420 :: 		
;__Lib_Math.c,426 :: 		
0x0003	0x0D71      	RLF        R1, 0
;__Lib_Math.c,427 :: 		
0x0004	0x0DF8      	RLF        R8, 1
;__Lib_Math.c,428 :: 		
0x0005	0x0DF9      	RLF        R9, 1
;__Lib_Math.c,429 :: 		
0x0006	0x0874      	MOVF       R4, 0
;__Lib_Math.c,430 :: 		
0x0007	0x02F8      	SUBWF      R8, 1
;__Lib_Math.c,431 :: 		
0x0008	0x0875      	MOVF       R5, 0
;__Lib_Math.c,432 :: 		
0x0009	0x1C03      	BTFSS      STATUS, 0
;__Lib_Math.c,433 :: 		
0x000A	0x0F75      	INCFSZ     R5, 0
;__Lib_Math.c,434 :: 		
0x000B	0x02F9      	SUBWF      R9, 1
;__Lib_Math.c,435 :: 		
0x000C	0x0DF0      	RLF        R0, 1
;__Lib_Math.c,436 :: 		
0x000D	0x0DF1      	RLF        R1, 1
;__Lib_Math.c,438 :: 		
0x000E	0x300F      	MOVLW      15
;__Lib_Math.c,439 :: 		
0x000F	0x00FC      	MOVWF      R12
;__Lib_Math.c,441 :: 		
0x0010	0x0D71      	RLF        R1, 0
;__Lib_Math.c,442 :: 		
0x0011	0x0DF8      	RLF        R8, 1
;__Lib_Math.c,443 :: 		
0x0012	0x0DF9      	RLF        R9, 1
;__Lib_Math.c,444 :: 		
0x0013	0x0874      	MOVF       R4, 0
;__Lib_Math.c,446 :: 		
0x0014	0x1C70      	BTFSS      R0, 0
;__Lib_Math.c,447 :: 		
0x0015	0x281C      	GOTO       $+7
;__Lib_Math.c,448 :: 		
0x0016	0x02F8      	SUBWF      R8, 1
;__Lib_Math.c,449 :: 		
0x0017	0x0875      	MOVF       R5, 0
;__Lib_Math.c,450 :: 		
0x0018	0x1C03      	BTFSS      STATUS, 0
;__Lib_Math.c,451 :: 		
0x0019	0x0F75      	INCFSZ     R5, 0
;__Lib_Math.c,452 :: 		
0x001A	0x02F9      	SUBWF      R9, 1
;__Lib_Math.c,453 :: 		
0x001B	0x2821      	GOTO       $+6
;__Lib_Math.c,455 :: 		
0x001C	0x07F8      	ADDWF      R8, 1
;__Lib_Math.c,456 :: 		
0x001D	0x0875      	MOVF       R5, 0
;__Lib_Math.c,457 :: 		
0x001E	0x1803      	BTFSC      STATUS, 0
;__Lib_Math.c,458 :: 		
0x001F	0x0F75      	INCFSZ     R5, 0
;__Lib_Math.c,459 :: 		
0x0020	0x07F9      	ADDWF      R9, 1
;__Lib_Math.c,461 :: 		
0x0021	0x0DF0      	RLF        R0, 1
;__Lib_Math.c,462 :: 		
0x0022	0x0DF1      	RLF        R1, 1
;__Lib_Math.c,464 :: 		
0x0023	0x0BFC      	DECFSZ     R12, 1
;__Lib_Math.c,465 :: 		
0x0024	0x2810      	GOTO       $-20
;__Lib_Math.c,467 :: 		
0x0025	0x1870      	BTFSC      R0, 0
;__Lib_Math.c,468 :: 		
0x0026	0x282D      	GOTO       $+7
;__Lib_Math.c,469 :: 		
0x0027	0x0874      	MOVF       R4, 0
;__Lib_Math.c,470 :: 		
0x0028	0x07F8      	ADDWF      R8, 1
;__Lib_Math.c,471 :: 		
0x0029	0x0875      	MOVF       R5, 0
;__Lib_Math.c,472 :: 		
0x002A	0x1803      	BTFSC      STATUS, 0
;__Lib_Math.c,473 :: 		
0x002B	0x0F75      	INCFSZ     R5, 0
;__Lib_Math.c,474 :: 		
0x002C	0x07F9      	ADDWF      R9, 1
;__Lib_Math.c,475 :: 		
0x002D	0x0000      	NOP
;__Lib_Math.c,477 :: 		
L_end_Div_16x16_S_L:
0x002E	0x0008      	RETURN
; end of _Div_16x16_S_L
_Mul_16x16_U:
;__Lib_Math.c,136 :: 		
;__Lib_Math.c,143 :: 		
0x002F	0x1283      	BCF        STATUS, 5
;__Lib_Math.c,144 :: 		
0x0030	0x1303      	BCF        STATUS, 6
;__Lib_Math.c,145 :: 		
0x0031	0x01FB      	CLRF       R11
;__Lib_Math.c,146 :: 		
0x0032	0x01FA      	CLRF       R10
;__Lib_Math.c,147 :: 		
0x0033	0x01F9      	CLRF       R9
;__Lib_Math.c,148 :: 		
0x0034	0x3080      	MOVLW      128
;__Lib_Math.c,149 :: 		
0x0035	0x00F8      	MOVWF      R8
;__Lib_Math.c,150 :: 		
0x0036	0x0CF1      	RRF        R1, 1
;__Lib_Math.c,151 :: 		
0x0037	0x0CF0      	RRF        R0, 1
;__Lib_Math.c,152 :: 		
0x0038	0x1C03      	BTFSS      STATUS, 0
;__Lib_Math.c,153 :: 		
0x0039	0x2843      	GOTO       $+10
;__Lib_Math.c,154 :: 		
0x003A	0x0874      	MOVF       R4, 0
;__Lib_Math.c,155 :: 		
0x003B	0x07F9      	ADDWF      R9, 1
;__Lib_Math.c,156 :: 		
0x003C	0x0875      	MOVF       R5, 0
;__Lib_Math.c,157 :: 		
0x003D	0x1803      	BTFSC      STATUS, 0
;__Lib_Math.c,158 :: 		
0x003E	0x0F75      	INCFSZ     R5, 0
;__Lib_Math.c,159 :: 		
0x003F	0x07FA      	ADDWF      R10, 1
;__Lib_Math.c,160 :: 		
0x0040	0x1803      	BTFSC      STATUS, 0
;__Lib_Math.c,161 :: 		
0x0041	0x0AFB      	INCF       R11, 1
;__Lib_Math.c,162 :: 		
0x0042	0x1003      	BCF        STATUS, 0
;__Lib_Math.c,163 :: 		
0x0043	0x1FF0      	BTFSS      R0, 7
;__Lib_Math.c,164 :: 		
0x0044	0x284B      	GOTO       $+7
;__Lib_Math.c,165 :: 		
0x0045	0x0874      	MOVF       R4, 0
;__Lib_Math.c,166 :: 		
0x0046	0x07FA      	ADDWF      R10, 1
;__Lib_Math.c,167 :: 		
0x0047	0x0875      	MOVF       R5, 0
;__Lib_Math.c,168 :: 		
0x0048	0x1803      	BTFSC      STATUS, 0
;__Lib_Math.c,169 :: 		
0x0049	0x0F75      	INCFSZ     R5, 0
;__Lib_Math.c,170 :: 		
0x004A	0x07FB      	ADDWF      R11, 1
;__Lib_Math.c,171 :: 		
0x004B	0x0CFB      	RRF        R11, 1
;__Lib_Math.c,172 :: 		
0x004C	0x0CFA      	RRF        R10, 1
;__Lib_Math.c,173 :: 		
0x004D	0x0CF9      	RRF        R9, 1
;__Lib_Math.c,174 :: 		
0x004E	0x0CF8      	RRF        R8, 1
;__Lib_Math.c,175 :: 		
0x004F	0x1C03      	BTFSS      STATUS, 0
;__Lib_Math.c,176 :: 		
0x0050	0x2836      	GOTO       $-26
;__Lib_Math.c,177 :: 		
0x0051	0x087B      	MOVF       R11, 0
;__Lib_Math.c,178 :: 		
0x0052	0x00F3      	MOVWF      R3
;__Lib_Math.c,179 :: 		
0x0053	0x087A      	MOVF       R10, 0
;__Lib_Math.c,180 :: 		
0x0054	0x00F2      	MOVWF      R2
;__Lib_Math.c,181 :: 		
0x0055	0x0879      	MOVF       R9, 0
;__Lib_Math.c,182 :: 		
0x0056	0x00F1      	MOVWF      R1
;__Lib_Math.c,183 :: 		
0x0057	0x0878      	MOVF       R8, 0
;__Lib_Math.c,184 :: 		
0x0058	0x00F0      	MOVWF      R0
;__Lib_Math.c,187 :: 		
L_end_Mul_16x16_U:
0x0059	0x0008      	RETURN
; end of _Mul_16x16_U
_____DoICP:
;__Lib_System.c,6 :: 		
;__Lib_System.c,9 :: 		
0x005A	0x1283      	BCF        STATUS, 5
0x005B	0x1303      	BCF        STATUS, 6
0x005C	0x0866      	MOVF       ___DoICPAddr+1, 0
0x005D	0x008A      	MOVWF      PCLATH
;__Lib_System.c,10 :: 		
0x005E	0x0865      	MOVF       ___DoICPAddr, 0
0x005F	0x0082      	MOVWF      PCL
;__Lib_System.c,12 :: 		
L_end_____DoICP:
0x0060	0x0008      	RETURN
; end of _____DoICP
_Div_16x16_S:
;__Lib_Math.c,479 :: 		
;__Lib_Math.c,487 :: 		
0x0061	0x1283      	BCF        STATUS, 5
0x0062	0x1303      	BCF        STATUS, 6
0x0063	0x0874      	MOVF       R4, 0
0x0064	0x3A00      	XORLW      0
0x0065	0x1D03      	BTFSS      STATUS, 2
0x0066	0x2870      	GOTO       L_Div_16x16_S0
;__Lib_Math.c,488 :: 		
0x0067	0x0875      	MOVF       R5, 0
0x0068	0x3A00      	XORLW      0
0x0069	0x1D03      	BTFSS      STATUS, 2
0x006A	0x2870      	GOTO       L_Div_16x16_S1
;__Lib_Math.c,489 :: 		
0x006B	0x30FF      	MOVLW      255
0x006C	0x00F0      	MOVWF      R0
;__Lib_Math.c,490 :: 		
0x006D	0x307F      	MOVLW      127
0x006E	0x00F1      	MOVWF      R1
;__Lib_Math.c,491 :: 		
0x006F	0x28C9      	GOTO       L_end_Div_16x16_S
;__Lib_Math.c,492 :: 		
L_Div_16x16_S1:
L_Div_16x16_S0:
;__Lib_Math.c,495 :: 		
0x0070	0x1283      	BCF        STATUS, 5
;__Lib_Math.c,496 :: 		
0x0071	0x1303      	BCF        STATUS, 6
;__Lib_Math.c,497 :: 		
0x0072	0x01FD      	CLRF       R13
;__Lib_Math.c,498 :: 		
0x0073	0x01F9      	CLRF       R9
;__Lib_Math.c,499 :: 		
0x0074	0x01F8      	CLRF       R8
;__Lib_Math.c,500 :: 		
0x0075	0x0871      	MOVF       R1, 0
;__Lib_Math.c,501 :: 		
0x0076	0x0470      	IORWF      R0, 0
;__Lib_Math.c,502 :: 		
0x0077	0x1903      	BTFSC      STATUS, 2
;__Lib_Math.c,503 :: 		
0x0078	0x3400      	RETLW      0
;__Lib_Math.c,505 :: 		
0x0079	0x0871      	MOVF       R1, 0
;__Lib_Math.c,506 :: 		
0x007A	0x0675      	XORWF      R5, 0
;__Lib_Math.c,507 :: 		
0x007B	0x00FA      	MOVWF      R10
;__Lib_Math.c,508 :: 		
0x007C	0x1BFA      	BTFSC      R10, 7
;__Lib_Math.c,509 :: 		
0x007D	0x09FD      	COMF       R13, 1
;__Lib_Math.c,511 :: 		
0x007E	0x01FB      	CLRF       R11
;__Lib_Math.c,513 :: 		
0x007F	0x1FF5      	BTFSS      R5, 7
;__Lib_Math.c,514 :: 		
0x0080	0x2886      	GOTO       $+6
;__Lib_Math.c,516 :: 		
0x0081	0x09F4      	COMF       R4, 1
;__Lib_Math.c,517 :: 		
0x0082	0x09F5      	COMF       R5, 1
;__Lib_Math.c,518 :: 		
0x0083	0x0AF4      	INCF       R4, 1
;__Lib_Math.c,519 :: 		
0x0084	0x1903      	BTFSC      STATUS, 2
;__Lib_Math.c,520 :: 		
0x0085	0x0AF5      	INCF       R5, 1
;__Lib_Math.c,522 :: 		
0x0086	0x1FF1      	BTFSS      R1, 7
;__Lib_Math.c,523 :: 		
0x0087	0x288D      	GOTO       $+6
;__Lib_Math.c,525 :: 		
0x0088	0x09F0      	COMF       R0, 1
;__Lib_Math.c,526 :: 		
0x0089	0x09F1      	COMF       R1, 1
;__Lib_Math.c,527 :: 		
0x008A	0x0AF0      	INCF       R0, 1
;__Lib_Math.c,528 :: 		
0x008B	0x1903      	BTFSC      STATUS, 2
;__Lib_Math.c,529 :: 		
0x008C	0x0AF1      	INCF       R1, 1
;__Lib_Math.c,531 :: 		
0x008D	0x0871      	MOVF       R1, 0
;__Lib_Math.c,532 :: 		
0x008E	0x0475      	IORWF      R5, 0
;__Lib_Math.c,533 :: 		
0x008F	0x00FA      	MOVWF      R10
;__Lib_Math.c,534 :: 		
0x0090	0x1BFA      	BTFSC      R10, 7
;__Lib_Math.c,535 :: 		
0x0091	0x28A2      	GOTO       $+17
;__Lib_Math.c,537 :: 		
0x0092	0x2003      	CALL       _Div_16x16_S_L
;__Lib_Math.c,539 :: 		
0x0093	0x187B      	BTFSC      R11, 0
;__Lib_Math.c,540 :: 		
0x0094	0x28B5      	GOTO       $+33
;__Lib_Math.c,542 :: 		
0x0095	0x1FFD      	BTFSS      R13, 7
;__Lib_Math.c,543 :: 		
0x0096	0x3400      	RETLW      0
;__Lib_Math.c,545 :: 		
0x0097	0x09F0      	COMF       R0, 1
;__Lib_Math.c,546 :: 		
0x0098	0x09F1      	COMF       R1, 1
;__Lib_Math.c,547 :: 		
0x0099	0x0AF0      	INCF       R0, 1
;__Lib_Math.c,548 :: 		
0x009A	0x1903      	BTFSC      STATUS, 2
;__Lib_Math.c,549 :: 		
0x009B	0x0AF1      	INCF       R1, 1
;__Lib_Math.c,551 :: 		
0x009C	0x09F8      	COMF       R8, 1
;__Lib_Math.c,552 :: 		
0x009D	0x09F9      	COMF       R9, 1
;__Lib_Math.c,553 :: 		
0x009E	0x0AF8      	INCF       R8, 1
;__Lib_Math.c,554 :: 		
0x009F	0x1903      	BTFSC      STATUS, 2
;__Lib_Math.c,555 :: 		
0x00A0	0x0AF9      	INCF       R9, 1
;__Lib_Math.c,557 :: 		
0x00A1	0x3400      	RETLW      0
;__Lib_Math.c,559 :: 		
0x00A2	0x1FF5      	BTFSS      R5, 7
;__Lib_Math.c,560 :: 		
0x00A3	0x28B1      	GOTO       $+14
;__Lib_Math.c,561 :: 		
0x00A4	0x1BF1      	BTFSC      R1, 7
;__Lib_Math.c,562 :: 		
0x00A5	0x28AD      	GOTO       $+8
;__Lib_Math.c,563 :: 		
0x00A6	0x0871      	MOVF       R1, 0
;__Lib_Math.c,564 :: 		
0x00A7	0x00F9      	MOVWF      R9
;__Lib_Math.c,565 :: 		
0x00A8	0x0870      	MOVF       R0, 0
;__Lib_Math.c,566 :: 		
0x00A9	0x00F8      	MOVWF      R8
;__Lib_Math.c,567 :: 		
0x00AA	0x01F1      	CLRF       R1
;__Lib_Math.c,568 :: 		
0x00AB	0x01F0      	CLRF       R0
;__Lib_Math.c,569 :: 		
0x00AC	0x2895      	GOTO       $-23
;__Lib_Math.c,570 :: 		
0x00AD	0x01F1      	CLRF       R1
;__Lib_Math.c,571 :: 		
0x00AE	0x01F0      	CLRF       R0
;__Lib_Math.c,572 :: 		
0x00AF	0x0AF0      	INCF       R0, 1
;__Lib_Math.c,573 :: 		
0x00B0	0x3400      	RETLW      0
;__Lib_Math.c,575 :: 		
0x00B1	0x09F1      	COMF       R1, 1
;__Lib_Math.c,576 :: 		
0x00B2	0x09F0      	COMF       R0, 1
;__Lib_Math.c,577 :: 		
0x00B3	0x0AFB      	INCF       R11, 1
;__Lib_Math.c,578 :: 		
0x00B4	0x2892      	GOTO       $-34
;__Lib_Math.c,580 :: 		
0x00B5	0x0AF8      	INCF       R8, 1
;__Lib_Math.c,581 :: 		
0x00B6	0x1903      	BTFSC      STATUS, 2
;__Lib_Math.c,582 :: 		
0x00B7	0x0AF9      	INCF       R9, 1
;__Lib_Math.c,583 :: 		
0x00B8	0x0874      	MOVF       R4, 0
;__Lib_Math.c,584 :: 		
0x00B9	0x0278      	SUBWF      R8, 0
;__Lib_Math.c,585 :: 		
0x00BA	0x1D03      	BTFSS      STATUS, 2
;__Lib_Math.c,586 :: 		
0x00BB	0x2895      	GOTO       $-38
;__Lib_Math.c,587 :: 		
0x00BC	0x0875      	MOVF       R5, 0
;__Lib_Math.c,588 :: 		
0x00BD	0x0279      	SUBWF      R9, 0
;__Lib_Math.c,589 :: 		
0x00BE	0x1D03      	BTFSS      STATUS, 2
;__Lib_Math.c,590 :: 		
0x00BF	0x2895      	GOTO       $-42
;__Lib_Math.c,591 :: 		
0x00C0	0x01F9      	CLRF       R9
;__Lib_Math.c,592 :: 		
0x00C1	0x01F8      	CLRF       R8
;__Lib_Math.c,593 :: 		
0x00C2	0x0AF0      	INCF       R0, 1
;__Lib_Math.c,594 :: 		
0x00C3	0x1903      	BTFSC      STATUS, 2
;__Lib_Math.c,595 :: 		
0x00C4	0x0AF1      	INCF       R1, 1
;__Lib_Math.c,596 :: 		
0x00C5	0x1FF1      	BTFSS      R1, 7
;__Lib_Math.c,597 :: 		
0x00C6	0x2895      	GOTO       $-49
;__Lib_Math.c,598 :: 		
0x00C7	0x0000      	NOP
;__Lib_Math.c,599 :: 		
0x00C8	0x34FF      	RETLW      255
;__Lib_Math.c,601 :: 		
L_end_Div_16x16_S:
0x00C9	0x0008      	RETURN
; end of _Div_16x16_S
_clearDisplay:
;ledcube3.c,59 :: 		void clearDisplay() {
;ledcube3.c,60 :: 		porta = 0x00;
0x00CA	0x1283      	BCF        STATUS, 5
0x00CB	0x1303      	BCF        STATUS, 6
0x00CC	0x0185      	CLRF       PORTA
;ledcube3.c,61 :: 		portb = 0x00;
0x00CD	0x0186      	CLRF       PORTB
;ledcube3.c,62 :: 		}
L_end_clearDisplay:
0x00CE	0x0008      	RETURN
; end of _clearDisplay
_refreshDisplay:
;ledcube3.c,64 :: 		void refreshDisplay (int time, int array[3][3]) {
;ledcube3.c,65 :: 		loop = time/9;
0x00CF	0x3009      	MOVLW      9
0x00D0	0x1283      	BCF        STATUS, 5
0x00D1	0x1303      	BCF        STATUS, 6
0x00D2	0x00F4      	MOVWF      R4
0x00D3	0x3000      	MOVLW      0
0x00D4	0x00F5      	MOVWF      R4+1
0x00D5	0x086B      	MOVF       FARG_refreshDisplay_time, 0
0x00D6	0x00F0      	MOVWF      R0
0x00D7	0x086C      	MOVF       FARG_refreshDisplay_time+1, 0
0x00D8	0x00F1      	MOVWF      R0+1
0x00D9	0x2061      	CALL       _Div_16x16_S
0x00DA	0x0870      	MOVF       R0, 0
0x00DB	0x00E9      	MOVWF      _loop
0x00DC	0x0871      	MOVF       R0+1, 0
0x00DD	0x00EA      	MOVWF      _loop+1
;ledcube3.c,66 :: 		for(i=0;i<loop;i++) {    //CYCLE the entire desplay long enough to equal time
0x00DE	0x01E7      	CLRF       _i
0x00DF	0x01E8      	CLRF       _i+1
L_refreshDisplay14:
0x00E0	0x3080      	MOVLW      128
0x00E1	0x0668      	XORWF      _i+1, 0
0x00E2	0x00F0      	MOVWF      R0
0x00E3	0x3080      	MOVLW      128
0x00E4	0x066A      	XORWF      _loop+1, 0
0x00E5	0x0270      	SUBWF      R0, 0
0x00E6	0x1D03      	BTFSS      STATUS, 2
0x00E7	0x28EA      	GOTO       L__refreshDisplay30
0x00E8	0x0869      	MOVF       _loop, 0
0x00E9	0x0267      	SUBWF      _i, 0
L__refreshDisplay30:
0x00EA	0x1803      	BTFSC      STATUS, 0
0x00EB	0x2993      	GOTO       L_refreshDisplay15
;ledcube3.c,67 :: 		for(j=0;j<3;j++) {    //cycle through each layer
0x00EC	0x01E1      	CLRF       _j
0x00ED	0x01E2      	CLRF       _j+1
L_refreshDisplay17:
0x00EE	0x3080      	MOVLW      128
0x00EF	0x0662      	XORWF      _j+1, 0
0x00F0	0x00F0      	MOVWF      R0
0x00F1	0x3080      	MOVLW      128
0x00F2	0x0270      	SUBWF      R0, 0
0x00F3	0x1D03      	BTFSS      STATUS, 2
0x00F4	0x28F7      	GOTO       L__refreshDisplay31
0x00F5	0x3003      	MOVLW      3
0x00F6	0x0261      	SUBWF      _j, 0
L__refreshDisplay31:
0x00F7	0x1803      	BTFSC      STATUS, 0
0x00F8	0x298F      	GOTO       L_refreshDisplay18
;ledcube3.c,68 :: 		clearDisplay();
0x00F9	0x20CA      	CALL       _clearDisplay
;ledcube3.c,69 :: 		porta=(array[j][0]<<1&0xf8|array[j][0])<<3|1<<j;
0x00FA	0x3006      	MOVLW      6
0x00FB	0x00F0      	MOVWF      R0
0x00FC	0x3000      	MOVLW      0
0x00FD	0x00F1      	MOVWF      R0+1
0x00FE	0x0861      	MOVF       _j, 0
0x00FF	0x00F4      	MOVWF      R4
0x0100	0x0862      	MOVF       _j+1, 0
0x0101	0x00F5      	MOVWF      R4+1
0x0102	0x202F      	CALL       _Mul_16x16_U
0x0103	0x0870      	MOVF       R0, 0
0x0104	0x076D      	ADDWF      FARG_refreshDisplay_array, 0
0x0105	0x0084      	MOVWF      FSR
0x0106	0x0800      	MOVF       INDF, 0
0x0107	0x00F2      	MOVWF      R2
0x0108	0x0872      	MOVF       R2, 0
0x0109	0x00F0      	MOVWF      R0
0x010A	0x0DF0      	RLF        R0, 1
0x010B	0x1070      	BCF        R0, 0
0x010C	0x30F8      	MOVLW      248
0x010D	0x05F0      	ANDWF      R0, 1
0x010E	0x0872      	MOVF       R2, 0
0x010F	0x0470      	IORWF      R0, 0
0x0110	0x00F1      	MOVWF      R1
0x0111	0x0871      	MOVF       R1, 0
0x0112	0x00F2      	MOVWF      R2
0x0113	0x0DF2      	RLF        R2, 1
0x0114	0x1072      	BCF        R2, 0
0x0115	0x0DF2      	RLF        R2, 1
0x0116	0x1072      	BCF        R2, 0
0x0117	0x0DF2      	RLF        R2, 1
0x0118	0x1072      	BCF        R2, 0
0x0119	0x0861      	MOVF       _j, 0
0x011A	0x00F1      	MOVWF      R1
0x011B	0x3001      	MOVLW      1
0x011C	0x00F0      	MOVWF      R0
0x011D	0x0871      	MOVF       R1, 0
L__refreshDisplay32:
0x011E	0x1903      	BTFSC      STATUS, 2
0x011F	0x2924      	GOTO       L__refreshDisplay33
0x0120	0x0DF0      	RLF        R0, 1
0x0121	0x1070      	BCF        R0, 0
0x0122	0x3EFF      	ADDLW      255
0x0123	0x291E      	GOTO       L__refreshDisplay32
L__refreshDisplay33:
0x0124	0x0870      	MOVF       R0, 0
0x0125	0x0472      	IORWF      R2, 0
0x0126	0x0085      	MOVWF      PORTA
;ledcube3.c,70 :: 		delay_ms(1);
0x0127	0x3003      	MOVLW      3
0x0128	0x00FC      	MOVWF      R12
0x0129	0x3097      	MOVLW      151
0x012A	0x00FD      	MOVWF      R13
L_refreshDisplay20:
0x012B	0x0BFD      	DECFSZ     R13, 1
0x012C	0x292B      	GOTO       L_refreshDisplay20
0x012D	0x0BFC      	DECFSZ     R12, 1
0x012E	0x292B      	GOTO       L_refreshDisplay20
0x012F	0x0000      	NOP
0x0130	0x0000      	NOP
;ledcube3.c,72 :: 		clearDisplay();
0x0131	0x20CA      	CALL       _clearDisplay
;ledcube3.c,73 :: 		porta=1<<j;
0x0132	0x0861      	MOVF       _j, 0
0x0133	0x00F1      	MOVWF      R1
0x0134	0x3001      	MOVLW      1
0x0135	0x00F0      	MOVWF      R0
0x0136	0x0871      	MOVF       R1, 0
L__refreshDisplay34:
0x0137	0x1903      	BTFSC      STATUS, 2
0x0138	0x293D      	GOTO       L__refreshDisplay35
0x0139	0x0DF0      	RLF        R0, 1
0x013A	0x1070      	BCF        R0, 0
0x013B	0x3EFF      	ADDLW      255
0x013C	0x2937      	GOTO       L__refreshDisplay34
L__refreshDisplay35:
0x013D	0x0870      	MOVF       R0, 0
0x013E	0x0085      	MOVWF      PORTA
;ledcube3.c,74 :: 		portb=array[j][1]<<3;
0x013F	0x3006      	MOVLW      6
0x0140	0x00F0      	MOVWF      R0
0x0141	0x3000      	MOVLW      0
0x0142	0x00F1      	MOVWF      R0+1
0x0143	0x0861      	MOVF       _j, 0
0x0144	0x00F4      	MOVWF      R4
0x0145	0x0862      	MOVF       _j+1, 0
0x0146	0x00F5      	MOVWF      R4+1
0x0147	0x202F      	CALL       _Mul_16x16_U
0x0148	0x086D      	MOVF       FARG_refreshDisplay_array, 0
0x0149	0x07F0      	ADDWF      R0, 1
0x014A	0x3002      	MOVLW      2
0x014B	0x0770      	ADDWF      R0, 0
0x014C	0x0084      	MOVWF      FSR
0x014D	0x0800      	MOVF       INDF, 0
0x014E	0x00F2      	MOVWF      R2
0x014F	0x0872      	MOVF       R2, 0
0x0150	0x00F0      	MOVWF      R0
0x0151	0x0DF0      	RLF        R0, 1
0x0152	0x1070      	BCF        R0, 0
0x0153	0x0DF0      	RLF        R0, 1
0x0154	0x1070      	BCF        R0, 0
0x0155	0x0DF0      	RLF        R0, 1
0x0156	0x1070      	BCF        R0, 0
0x0157	0x0870      	MOVF       R0, 0
0x0158	0x0086      	MOVWF      PORTB
;ledcube3.c,75 :: 		delay_ms(1);
0x0159	0x3003      	MOVLW      3
0x015A	0x00FC      	MOVWF      R12
0x015B	0x3097      	MOVLW      151
0x015C	0x00FD      	MOVWF      R13
L_refreshDisplay21:
0x015D	0x0BFD      	DECFSZ     R13, 1
0x015E	0x295D      	GOTO       L_refreshDisplay21
0x015F	0x0BFC      	DECFSZ     R12, 1
0x0160	0x295D      	GOTO       L_refreshDisplay21
0x0161	0x0000      	NOP
0x0162	0x0000      	NOP
;ledcube3.c,77 :: 		clearDisplay();
0x0163	0x20CA      	CALL       _clearDisplay
;ledcube3.c,78 :: 		porta=1<<j;
0x0164	0x0861      	MOVF       _j, 0
0x0165	0x00F1      	MOVWF      R1
0x0166	0x3001      	MOVLW      1
0x0167	0x00F0      	MOVWF      R0
0x0168	0x0871      	MOVF       R1, 0
L__refreshDisplay36:
0x0169	0x1903      	BTFSC      STATUS, 2
0x016A	0x296F      	GOTO       L__refreshDisplay37
0x016B	0x0DF0      	RLF        R0, 1
0x016C	0x1070      	BCF        R0, 0
0x016D	0x3EFF      	ADDLW      255
0x016E	0x2969      	GOTO       L__refreshDisplay36
L__refreshDisplay37:
0x016F	0x0870      	MOVF       R0, 0
0x0170	0x0085      	MOVWF      PORTA
;ledcube3.c,79 :: 		portb=array[j][2];
0x0171	0x3006      	MOVLW      6
0x0172	0x00F0      	MOVWF      R0
0x0173	0x3000      	MOVLW      0
0x0174	0x00F1      	MOVWF      R0+1
0x0175	0x0861      	MOVF       _j, 0
0x0176	0x00F4      	MOVWF      R4
0x0177	0x0862      	MOVF       _j+1, 0
0x0178	0x00F5      	MOVWF      R4+1
0x0179	0x202F      	CALL       _Mul_16x16_U
0x017A	0x086D      	MOVF       FARG_refreshDisplay_array, 0
0x017B	0x07F0      	ADDWF      R0, 1
0x017C	0x3004      	MOVLW      4
0x017D	0x0770      	ADDWF      R0, 0
0x017E	0x0084      	MOVWF      FSR
0x017F	0x0800      	MOVF       INDF, 0
0x0180	0x0086      	MOVWF      PORTB
;ledcube3.c,80 :: 		delay_ms(1);
0x0181	0x3003      	MOVLW      3
0x0182	0x00FC      	MOVWF      R12
0x0183	0x3097      	MOVLW      151
0x0184	0x00FD      	MOVWF      R13
L_refreshDisplay22:
0x0185	0x0BFD      	DECFSZ     R13, 1
0x0186	0x2985      	GOTO       L_refreshDisplay22
0x0187	0x0BFC      	DECFSZ     R12, 1
0x0188	0x2985      	GOTO       L_refreshDisplay22
0x0189	0x0000      	NOP
0x018A	0x0000      	NOP
;ledcube3.c,67 :: 		for(j=0;j<3;j++) {    //cycle through each layer
0x018B	0x0AE1      	INCF       _j, 1
0x018C	0x1903      	BTFSC      STATUS, 2
0x018D	0x0AE2      	INCF       _j+1, 1
;ledcube3.c,81 :: 		}
0x018E	0x28EE      	GOTO       L_refreshDisplay17
L_refreshDisplay18:
;ledcube3.c,66 :: 		for(i=0;i<loop;i++) {    //CYCLE the entire desplay long enough to equal time
0x018F	0x0AE7      	INCF       _i, 1
0x0190	0x1903      	BTFSC      STATUS, 2
0x0191	0x0AE8      	INCF       _i+1, 1
;ledcube3.c,82 :: 		}
0x0192	0x28E0      	GOTO       L_refreshDisplay14
L_refreshDisplay15:
;ledcube3.c,83 :: 		}
L_end_refreshDisplay:
0x0193	0x0008      	RETURN
; end of _refreshDisplay
___CC2DW:
;__Lib_System.c,134 :: 		
;__Lib_System.c,137 :: 		
_CC2D_Loop1:
;__Lib_System.c,139 :: 		
0x0194	0x205A      	CALL       _____DoICP
0x0195	0x118A      	BCF        PCLATH, 3
0x0196	0x120A      	BCF        PCLATH, 4
;__Lib_System.c,141 :: 		
0x0197	0x0080      	MOVWF      INDF
;__Lib_System.c,142 :: 		
0x0198	0x0A84      	INCF       FSR, 1
;__Lib_System.c,143 :: 		
0x0199	0x0AE5      	INCF       ___DoICPAddr, 1
;__Lib_System.c,145 :: 		
0x019A	0x1903      	BTFSC      STATUS, 2
;__Lib_System.c,146 :: 		
0x019B	0x0AE6      	INCF       ___DoICPAddr+1, 1
;__Lib_System.c,147 :: 		
0x019C	0x03F0      	DECF       R0, 1
;__Lib_System.c,149 :: 		
0x019D	0x1D03      	BTFSS      STATUS, 2
;__Lib_System.c,150 :: 		
0x019E	0x2994      	GOTO       _CC2D_Loop1
;__Lib_System.c,152 :: 		
L_end___CC2DW:
0x019F	0x0008      	RETURN
; end of ___CC2DW
_main:
0x01A0	0x22A6      	CALL       678
;ledcube3.c,25 :: 		void main() {
;ledcube3.c,26 :: 		osccon=0x72;
0x01A1	0x3072      	MOVLW      114
0x01A2	0x1683      	BSF        STATUS, 5
0x01A3	0x1303      	BCF        STATUS, 6
0x01A4	0x008F      	MOVWF      OSCCON
;ledcube3.c,27 :: 		trisa=0x00;
0x01A5	0x0185      	CLRF       TRISA
;ledcube3.c,28 :: 		trisb=0x00;
0x01A6	0x0186      	CLRF       TRISB
;ledcube3.c,29 :: 		porta=0x00;
0x01A7	0x1283      	BCF        STATUS, 5
0x01A8	0x0185      	CLRF       PORTA
;ledcube3.c,30 :: 		portb=0x00;
0x01A9	0x0186      	CLRF       PORTB
;ledcube3.c,31 :: 		while(1) {
L_main0:
;ledcube3.c,32 :: 		for(count=0;count<8;count++) {
0x01AA	0x01E3      	CLRF       _count
0x01AB	0x01E4      	CLRF       _count+1
L_main2:
0x01AC	0x3080      	MOVLW      128
0x01AD	0x0664      	XORWF      _count+1, 0
0x01AE	0x00F0      	MOVWF      R0
0x01AF	0x3080      	MOVLW      128
0x01B0	0x0270      	SUBWF      R0, 0
0x01B1	0x1D03      	BTFSS      STATUS, 2
0x01B2	0x29B5      	GOTO       L__main24
0x01B3	0x3008      	MOVLW      8
0x01B4	0x0263      	SUBWF      _count, 0
L__main24:
0x01B5	0x1803      	BTFSC      STATUS, 0
0x01B6	0x29D7      	GOTO       L_main3
;ledcube3.c,33 :: 		refreshDisplay(delay, arrayData0); //time on desplay in ms, patern to display
0x01B7	0x084D      	MOVF       _delay, 0
0x01B8	0x00EB      	MOVWF      FARG_refreshDisplay_time
0x01B9	0x084E      	MOVF       _delay+1, 0
0x01BA	0x00EC      	MOVWF      FARG_refreshDisplay_time+1
0x01BB	0x3044      	MOVLW      _arrayData0
0x01BC	0x00ED      	MOVWF      FARG_refreshDisplay_array
0x01BD	0x20CF      	CALL       _refreshDisplay
;ledcube3.c,34 :: 		refreshDisplay(delay, arrayData1); //time on desplay in ms, patern to display
0x01BE	0x084D      	MOVF       _delay, 0
0x01BF	0x00EB      	MOVWF      FARG_refreshDisplay_time
0x01C0	0x084E      	MOVF       _delay+1, 0
0x01C1	0x00EC      	MOVWF      FARG_refreshDisplay_time+1
0x01C2	0x3058      	MOVLW      _arrayData1
0x01C3	0x00ED      	MOVWF      FARG_refreshDisplay_array
0x01C4	0x20CF      	CALL       _refreshDisplay
;ledcube3.c,35 :: 		refreshDisplay(delay, arrayData2); //time on desplay in ms, patern to display
0x01C5	0x084D      	MOVF       _delay, 0
0x01C6	0x00EB      	MOVWF      FARG_refreshDisplay_time
0x01C7	0x084E      	MOVF       _delay+1, 0
0x01C8	0x00EC      	MOVWF      FARG_refreshDisplay_time+1
0x01C9	0x304F      	MOVLW      _arrayData2
0x01CA	0x00ED      	MOVWF      FARG_refreshDisplay_array
0x01CB	0x20CF      	CALL       _refreshDisplay
;ledcube3.c,36 :: 		refreshDisplay(delay, arrayData3); //time on desplay in ms, patern to display
0x01CC	0x084D      	MOVF       _delay, 0
0x01CD	0x00EB      	MOVWF      FARG_refreshDisplay_time
0x01CE	0x084E      	MOVF       _delay+1, 0
0x01CF	0x00EC      	MOVWF      FARG_refreshDisplay_time+1
0x01D0	0x3029      	MOVLW      _arrayData3
0x01D1	0x00ED      	MOVWF      FARG_refreshDisplay_array
0x01D2	0x20CF      	CALL       _refreshDisplay
;ledcube3.c,32 :: 		for(count=0;count<8;count++) {
0x01D3	0x0AE3      	INCF       _count, 1
0x01D4	0x1903      	BTFSC      STATUS, 2
0x01D5	0x0AE4      	INCF       _count+1, 1
;ledcube3.c,37 :: 		}
0x01D6	0x29AC      	GOTO       L_main2
L_main3:
;ledcube3.c,38 :: 		for(count=0;count<8;count++) {
0x01D7	0x01E3      	CLRF       _count
0x01D8	0x01E4      	CLRF       _count+1
L_main5:
0x01D9	0x3080      	MOVLW      128
0x01DA	0x0664      	XORWF      _count+1, 0
0x01DB	0x00F0      	MOVWF      R0
0x01DC	0x3080      	MOVLW      128
0x01DD	0x0270      	SUBWF      R0, 0
0x01DE	0x1D03      	BTFSS      STATUS, 2
0x01DF	0x29E2      	GOTO       L__main25
0x01E0	0x3008      	MOVLW      8
0x01E1	0x0263      	SUBWF      _count, 0
L__main25:
0x01E2	0x1803      	BTFSC      STATUS, 0
0x01E3	0x2A04      	GOTO       L_main6
;ledcube3.c,39 :: 		refreshDisplay(delay, arrayData2); //time on desplay in ms, patern to display
0x01E4	0x084D      	MOVF       _delay, 0
0x01E5	0x00EB      	MOVWF      FARG_refreshDisplay_time
0x01E6	0x084E      	MOVF       _delay+1, 0
0x01E7	0x00EC      	MOVWF      FARG_refreshDisplay_time+1
0x01E8	0x304F      	MOVLW      _arrayData2
0x01E9	0x00ED      	MOVWF      FARG_refreshDisplay_array
0x01EA	0x20CF      	CALL       _refreshDisplay
;ledcube3.c,40 :: 		refreshDisplay(delay, arrayData1); //time on desplay in ms, patern to display
0x01EB	0x084D      	MOVF       _delay, 0
0x01EC	0x00EB      	MOVWF      FARG_refreshDisplay_time
0x01ED	0x084E      	MOVF       _delay+1, 0
0x01EE	0x00EC      	MOVWF      FARG_refreshDisplay_time+1
0x01EF	0x3058      	MOVLW      _arrayData1
0x01F0	0x00ED      	MOVWF      FARG_refreshDisplay_array
0x01F1	0x20CF      	CALL       _refreshDisplay
;ledcube3.c,41 :: 		refreshDisplay(delay, arrayData0); //time on desplay in ms, patern to display
0x01F2	0x084D      	MOVF       _delay, 0
0x01F3	0x00EB      	MOVWF      FARG_refreshDisplay_time
0x01F4	0x084E      	MOVF       _delay+1, 0
0x01F5	0x00EC      	MOVWF      FARG_refreshDisplay_time+1
0x01F6	0x3044      	MOVLW      _arrayData0
0x01F7	0x00ED      	MOVWF      FARG_refreshDisplay_array
0x01F8	0x20CF      	CALL       _refreshDisplay
;ledcube3.c,42 :: 		refreshDisplay(delay, arrayData3); //time on desplay in ms, patern to display
0x01F9	0x084D      	MOVF       _delay, 0
0x01FA	0x00EB      	MOVWF      FARG_refreshDisplay_time
0x01FB	0x084E      	MOVF       _delay+1, 0
0x01FC	0x00EC      	MOVWF      FARG_refreshDisplay_time+1
0x01FD	0x3029      	MOVLW      _arrayData3
0x01FE	0x00ED      	MOVWF      FARG_refreshDisplay_array
0x01FF	0x20CF      	CALL       _refreshDisplay
;ledcube3.c,38 :: 		for(count=0;count<8;count++) {
0x0200	0x0AE3      	INCF       _count, 1
0x0201	0x1903      	BTFSC      STATUS, 2
0x0202	0x0AE4      	INCF       _count+1, 1
;ledcube3.c,43 :: 		}
0x0203	0x29D9      	GOTO       L_main5
L_main6:
;ledcube3.c,44 :: 		for(count=0;count<8;count++) {
0x0204	0x01E3      	CLRF       _count
0x0205	0x01E4      	CLRF       _count+1
L_main8:
0x0206	0x3080      	MOVLW      128
0x0207	0x0664      	XORWF      _count+1, 0
0x0208	0x00F0      	MOVWF      R0
0x0209	0x3080      	MOVLW      128
0x020A	0x0270      	SUBWF      R0, 0
0x020B	0x1D03      	BTFSS      STATUS, 2
0x020C	0x2A0F      	GOTO       L__main26
0x020D	0x3008      	MOVLW      8
0x020E	0x0263      	SUBWF      _count, 0
L__main26:
0x020F	0x1803      	BTFSC      STATUS, 0
0x0210	0x2A31      	GOTO       L_main9
;ledcube3.c,45 :: 		refreshDisplay(delay, arrayData4); //time on desplay in ms, patern to display
0x0211	0x084D      	MOVF       _delay, 0
0x0212	0x00EB      	MOVWF      FARG_refreshDisplay_time
0x0213	0x084E      	MOVF       _delay+1, 0
0x0214	0x00EC      	MOVWF      FARG_refreshDisplay_time+1
0x0215	0x3020      	MOVLW      _arrayData4
0x0216	0x00ED      	MOVWF      FARG_refreshDisplay_array
0x0217	0x20CF      	CALL       _refreshDisplay
;ledcube3.c,46 :: 		refreshDisplay(delay, arrayData5); //time on desplay in ms, patern to display
0x0218	0x084D      	MOVF       _delay, 0
0x0219	0x00EB      	MOVWF      FARG_refreshDisplay_time
0x021A	0x084E      	MOVF       _delay+1, 0
0x021B	0x00EC      	MOVWF      FARG_refreshDisplay_time+1
0x021C	0x303B      	MOVLW      _arrayData5
0x021D	0x00ED      	MOVWF      FARG_refreshDisplay_array
0x021E	0x20CF      	CALL       _refreshDisplay
;ledcube3.c,47 :: 		refreshDisplay(delay, arrayData6); //time on desplay in ms, patern to display
0x021F	0x084D      	MOVF       _delay, 0
0x0220	0x00EB      	MOVWF      FARG_refreshDisplay_time
0x0221	0x084E      	MOVF       _delay+1, 0
0x0222	0x00EC      	MOVWF      FARG_refreshDisplay_time+1
0x0223	0x3032      	MOVLW      _arrayData6
0x0224	0x00ED      	MOVWF      FARG_refreshDisplay_array
0x0225	0x20CF      	CALL       _refreshDisplay
;ledcube3.c,48 :: 		refreshDisplay(delay, arrayData3); //time on desplay in ms, patern to display
0x0226	0x084D      	MOVF       _delay, 0
0x0227	0x00EB      	MOVWF      FARG_refreshDisplay_time
0x0228	0x084E      	MOVF       _delay+1, 0
0x0229	0x00EC      	MOVWF      FARG_refreshDisplay_time+1
0x022A	0x3029      	MOVLW      _arrayData3
0x022B	0x00ED      	MOVWF      FARG_refreshDisplay_array
0x022C	0x20CF      	CALL       _refreshDisplay
;ledcube3.c,44 :: 		for(count=0;count<8;count++) {
0x022D	0x0AE3      	INCF       _count, 1
0x022E	0x1903      	BTFSC      STATUS, 2
0x022F	0x0AE4      	INCF       _count+1, 1
;ledcube3.c,49 :: 		}
0x0230	0x2A06      	GOTO       L_main8
L_main9:
;ledcube3.c,50 :: 		for(count=0;count<8;count++) {
0x0231	0x01E3      	CLRF       _count
0x0232	0x01E4      	CLRF       _count+1
L_main11:
0x0233	0x3080      	MOVLW      128
0x0234	0x0664      	XORWF      _count+1, 0
0x0235	0x00F0      	MOVWF      R0
0x0236	0x3080      	MOVLW      128
0x0237	0x0270      	SUBWF      R0, 0
0x0238	0x1D03      	BTFSS      STATUS, 2
0x0239	0x2A3C      	GOTO       L__main27
0x023A	0x3008      	MOVLW      8
0x023B	0x0263      	SUBWF      _count, 0
L__main27:
0x023C	0x1803      	BTFSC      STATUS, 0
0x023D	0x2A5E      	GOTO       L_main12
;ledcube3.c,51 :: 		refreshDisplay(delay, arrayData6); //time on desplay in ms, patern to display
0x023E	0x084D      	MOVF       _delay, 0
0x023F	0x00EB      	MOVWF      FARG_refreshDisplay_time
0x0240	0x084E      	MOVF       _delay+1, 0
0x0241	0x00EC      	MOVWF      FARG_refreshDisplay_time+1
0x0242	0x3032      	MOVLW      _arrayData6
0x0243	0x00ED      	MOVWF      FARG_refreshDisplay_array
0x0244	0x20CF      	CALL       _refreshDisplay
;ledcube3.c,52 :: 		refreshDisplay(delay, arrayData5); //time on desplay in ms, patern to display
0x0245	0x084D      	MOVF       _delay, 0
0x0246	0x00EB      	MOVWF      FARG_refreshDisplay_time
0x0247	0x084E      	MOVF       _delay+1, 0
0x0248	0x00EC      	MOVWF      FARG_refreshDisplay_time+1
0x0249	0x303B      	MOVLW      _arrayData5
0x024A	0x00ED      	MOVWF      FARG_refreshDisplay_array
0x024B	0x20CF      	CALL       _refreshDisplay
;ledcube3.c,53 :: 		refreshDisplay(delay, arrayData4); //time on desplay in ms, patern to display
0x024C	0x084D      	MOVF       _delay, 0
0x024D	0x00EB      	MOVWF      FARG_refreshDisplay_time
0x024E	0x084E      	MOVF       _delay+1, 0
0x024F	0x00EC      	MOVWF      FARG_refreshDisplay_time+1
0x0250	0x3020      	MOVLW      _arrayData4
0x0251	0x00ED      	MOVWF      FARG_refreshDisplay_array
0x0252	0x20CF      	CALL       _refreshDisplay
;ledcube3.c,54 :: 		refreshDisplay(delay, arrayData3); //time on desplay in ms, patern to display
0x0253	0x084D      	MOVF       _delay, 0
0x0254	0x00EB      	MOVWF      FARG_refreshDisplay_time
0x0255	0x084E      	MOVF       _delay+1, 0
0x0256	0x00EC      	MOVWF      FARG_refreshDisplay_time+1
0x0257	0x3029      	MOVLW      _arrayData3
0x0258	0x00ED      	MOVWF      FARG_refreshDisplay_array
0x0259	0x20CF      	CALL       _refreshDisplay
;ledcube3.c,50 :: 		for(count=0;count<8;count++) {
0x025A	0x0AE3      	INCF       _count, 1
0x025B	0x1903      	BTFSC      STATUS, 2
0x025C	0x0AE4      	INCF       _count+1, 1
;ledcube3.c,55 :: 		}
0x025D	0x2A33      	GOTO       L_main11
L_main12:
;ledcube3.c,56 :: 		}
0x025E	0x29AA      	GOTO       L_main0
;ledcube3.c,57 :: 		}
L_end_main:
0x025F	0x2A5F      	GOTO       $+0
; end of _main
0x02A6	0x3020      	MOVLW      32
0x02A7	0x0084      	MOVWF      FSR
0x02A8	0x3041      	MOVLW      65
0x02A9	0x1283      	BCF        STATUS, 5
0x02AA	0x1303      	BCF        STATUS, 6
0x02AB	0x00F0      	MOVWF      R0
0x02AC	0x3065      	MOVLW      101
0x02AD	0x00E5      	MOVWF      ___DoICPAddr
0x02AE	0x3002      	MOVLW      2
0x02AF	0x00E6      	MOVWF      102
0x02B0	0x2194      	CALL       404
0x02B1	0x0008      	RETURN
;ledcube3.c,0 :: ?ICS_arrayData4
0x0265	0x3407 ;?ICS_arrayData4+0
0x0266	0x3400 ;?ICS_arrayData4+1
0x0267	0x3400 ;?ICS_arrayData4+2
0x0268	0x3400 ;?ICS_arrayData4+3
0x0269	0x3407 ;?ICS_arrayData4+4
0x026A	0x3400 ;?ICS_arrayData4+5
0x026B	0x3400 ;?ICS_arrayData4+6
0x026C	0x3400 ;?ICS_arrayData4+7
0x026D	0x3407 ;?ICS_arrayData4+8
; end of ?ICS_arrayData4
;ledcube3.c,0 :: ?ICS_arrayData3
0x026E	0x3400 ;?ICS_arrayData3+0
0x026F	0x3407 ;?ICS_arrayData3+1
0x0270	0x3400 ;?ICS_arrayData3+2
0x0271	0x3400 ;?ICS_arrayData3+3
0x0272	0x3407 ;?ICS_arrayData3+4
0x0273	0x3400 ;?ICS_arrayData3+5
0x0274	0x3400 ;?ICS_arrayData3+6
0x0275	0x3407 ;?ICS_arrayData3+7
0x0276	0x3400 ;?ICS_arrayData3+8
; end of ?ICS_arrayData3
;ledcube3.c,0 :: ?ICS_arrayData6
0x0277	0x3400 ;?ICS_arrayData6+0
0x0278	0x3400 ;?ICS_arrayData6+1
0x0279	0x3407 ;?ICS_arrayData6+2
0x027A	0x3400 ;?ICS_arrayData6+3
0x027B	0x3407 ;?ICS_arrayData6+4
0x027C	0x3400 ;?ICS_arrayData6+5
0x027D	0x3407 ;?ICS_arrayData6+6
0x027E	0x3400 ;?ICS_arrayData6+7
0x027F	0x3400 ;?ICS_arrayData6+8
; end of ?ICS_arrayData6
;ledcube3.c,0 :: ?ICS_arrayData5
0x0280	0x3400 ;?ICS_arrayData5+0
0x0281	0x3400 ;?ICS_arrayData5+1
0x0282	0x3400 ;?ICS_arrayData5+2
0x0283	0x3407 ;?ICS_arrayData5+3
0x0284	0x3407 ;?ICS_arrayData5+4
0x0285	0x3407 ;?ICS_arrayData5+5
0x0286	0x3400 ;?ICS_arrayData5+6
0x0287	0x3400 ;?ICS_arrayData5+7
0x0288	0x3400 ;?ICS_arrayData5+8
; end of ?ICS_arrayData5
;ledcube3.c,0 :: ?ICS_arrayData0
0x0289	0x3401 ;?ICS_arrayData0+0
0x028A	0x3402 ;?ICS_arrayData0+1
0x028B	0x3404 ;?ICS_arrayData0+2
0x028C	0x3401 ;?ICS_arrayData0+3
0x028D	0x3402 ;?ICS_arrayData0+4
0x028E	0x3404 ;?ICS_arrayData0+5
0x028F	0x3401 ;?ICS_arrayData0+6
0x0290	0x3402 ;?ICS_arrayData0+7
0x0291	0x3404 ;?ICS_arrayData0+8
; end of ?ICS_arrayData0
;ledcube3.c,0 :: ?ICS_delay
0x0292	0x3464 ;?ICS_delay+0
0x0293	0x3400 ;?ICS_delay+1
; end of ?ICS_delay
;ledcube3.c,0 :: ?ICS_arrayData2
0x0294	0x3404 ;?ICS_arrayData2+0
0x0295	0x3402 ;?ICS_arrayData2+1
0x0296	0x3401 ;?ICS_arrayData2+2
0x0297	0x3404 ;?ICS_arrayData2+3
0x0298	0x3402 ;?ICS_arrayData2+4
0x0299	0x3401 ;?ICS_arrayData2+5
0x029A	0x3404 ;?ICS_arrayData2+6
0x029B	0x3402 ;?ICS_arrayData2+7
0x029C	0x3401 ;?ICS_arrayData2+8
; end of ?ICS_arrayData2
;ledcube3.c,0 :: ?ICS_arrayData1
0x029D	0x3402 ;?ICS_arrayData1+0
0x029E	0x3402 ;?ICS_arrayData1+1
0x029F	0x3402 ;?ICS_arrayData1+2
0x02A0	0x3402 ;?ICS_arrayData1+3
0x02A1	0x3402 ;?ICS_arrayData1+4
0x02A2	0x3402 ;?ICS_arrayData1+5
0x02A3	0x3402 ;?ICS_arrayData1+6
0x02A4	0x3402 ;?ICS_arrayData1+7
0x02A5	0x3402 ;?ICS_arrayData1+8
; end of ?ICS_arrayData1
Symbol List:
//** Routines locations **
//ADDRESS    SIZE    PROCEDURE
//----------------------------------------------
0x0003      [44]    _Div_16x16_S_L
0x002F      [43]    _Mul_16x16_U
0x005A       [7]    _____DoICP
0x0061     [105]    _Div_16x16_S
0x00CA       [5]    _clearDisplay
0x00CF     [197]    _refreshDisplay
0x0194      [12]    ___CC2DW
0x01A0     [191]    _main
//** Variables locations ** 
//ADDRESS    SIZE    VARIABLE
//----------------------------------------------
0x0000       [1]    INDF
0x0002       [1]    PCL
0x0003       [1]    STATUS
0x0004       [1]    FSR
0x0005       [1]    PORTA
0x0006       [1]    PORTB
0x000A       [1]    PCLATH
0x0020       [9]    _arrayData4
0x0029       [9]    _arrayData3
0x0032       [9]    _arrayData6
0x003B       [9]    _arrayData5
0x0044       [9]    _arrayData0
0x004D       [2]    _delay
0x004F       [9]    _arrayData2
0x0058       [9]    _arrayData1
0x0061       [2]    _j
0x0063       [2]    _count
0x0065       [2]    ___DoICPAddr
0x0067       [2]    _i
0x0069       [2]    _loop
0x006B       [2]    FARG_refreshDisplay_time
0x006D       [1]    FARG_refreshDisplay_array
0x0070       [1]    R0
0x0071       [1]    R1
0x0072       [1]    R2
0x0073       [1]    R3
0x0074       [1]    R4
0x0075       [1]    R5
0x0076       [1]    R6
0x0077       [1]    R7
0x0078       [1]    R8
0x0079       [1]    R9
0x007A       [1]    R10
0x007B       [1]    R11
0x007C       [1]    R12
0x007D       [1]    R13
0x007E       [1]    R14
0x007F       [1]    R15
0x0085       [1]    TRISA
0x0086       [1]    TRISB
0x008F       [1]    OSCCON
//** Constants locations ** 
//ADDRESS    SIZE    CONSTANT
//----------------------------------------------
0x0265       [9]    ?ICS_arrayData4
0x026E       [9]    ?ICS_arrayData3
0x0277       [9]    ?ICS_arrayData6
0x0280       [9]    ?ICS_arrayData5
0x0289       [9]    ?ICS_arrayData0
0x0292       [2]    ?ICS_delay
0x0294       [9]    ?ICS_arrayData2
0x029D       [9]    ?ICS_arrayData1
//** Label List: ** 
//----------------------------------------------
  L_main0
  L_main1
  L_main2
  L_main3
  L_main4
  L_main5
  L_main6
  L_main7
  L_main8
  L_main9
  L_main10
  L_main11
  L_main12
  L_main13
  L_refreshDisplay14
  L_refreshDisplay15
  L_refreshDisplay16
  L_refreshDisplay17
  L_refreshDisplay18
  L_refreshDisplay19
  L_refreshDisplay20
  L_refreshDisplay21
  L_refreshDisplay22
  L_end_main
  _main
  L__main24
  L__main25
  L__main26
  L__main27
  L_end_clearDisplay
  _clearDisplay
  L_end_refreshDisplay
  _refreshDisplay
  L__refreshDisplay30
  L__refreshDisplay31
  L__refreshDisplay32
  L__refreshDisplay33
  L__refreshDisplay34
  L__refreshDisplay35
  L__refreshDisplay36
  L__refreshDisplay37
  L_Div_16x16_S0
  L_Div_16x16_S1
  LOOPS3232A
  SADD22LA
  SOK22LA
  SADD22L8
  SOK22L8
  LOOPS3232B
  SADD22LB
  SOK22LB
  SADD22L16
  SOK22L16
  LOOPS3232C
  SADD22LC
  SOK22LC
  SADD22L24
  SOK22L24
  LOOPS3232D
  SADD22LD
  SOK22LD
  SOK22L
  L_Div_32x32_S6
  L_Div_32x32_S7
  L_Div_32x32_S8
  L_Div_32x32_S9
  FXD3232S
  END_ALL
  CA3232S
  C3232SX
  C3232SX1
  C3232S
  C3232S2
  C3232SX4
  C3232SOK
  C3232SX3
  C3232SX2
  avoid_comfrem
  LOOPU3232A
  UADD22LA
  UOK22LA
  UADD22L8
  UOK22L8
  LOOPU3232B
  UADD22LB
  UOK22LB
  UADD22L16
  UOK22L16
  LOOPU3232C
  UADD22LC
  UOK22LC
  UADD22L24
  UOK22L24
  LOOPU3232D
  UADD22LD
  UOK22LD
  UOK22L
  _NEXT
  _EXIT2
  _LOOP
  _EXIT1
  _IF_FIRST
  _IF_SECOND
  _INVERCE_FIRST
  _MULT
  _INBERSE_SECOND
  _EXIT
  L_end_Mul_8x8_U
  _Mul_8x8_U
  L_end_Mul_16x16_U
  _Mul_16x16_U
  L_end_Div_8x8_U
  _Div_8x8_U
  L_end_Div_16x16_U
  _Div_16x16_U
  L_end_Mul_8x8_S
  _Mul_8x8_S
  L_end_Mul_16x16_S
  _Mul_16x16_S
  L_end_Div_16x16_S_L
  _Div_16x16_S_L
  L_end_Div_16x16_S
  _Div_16x16_S
  L_end_Div_8x8_S
  _Div_8x8_S
  L_end_SDIV3232L
  _SDIV3232L
  L_end_COMFREM
  _COMFREM
  L_end_Div_32x32_S
  _Div_32x32_S
  L_end_Div_32x32_U
  _Div_32x32_U
  L_end_Mul_32x32_U
  _Mul_32x32_U
  L_end_Mul_32x32_S
  _Mul_32x32_S
  L_loopCA2AWs
  L_CA2AWend
  _CCA2AW_Loop1
  L_loopCS2Ss
  L_CS2Send
  _CCS2S_Loop1
  L_CCS2Send
  L_loopFZinSWs
  L_FZinSend
  _CC2D_Loop1
  L_end_____DoICP
  _____DoICP
  L_end_____DoIFC
  _____DoIFC
  L_end___CA2AW
  ___CA2AW
  L_end___CCA2AW
  ___CCA2AW
  L_end___CS2S
  ___CS2S
  L_end___CCS2S
  ___CCS2S
  L_end___FZinS
  ___FZinS
  L_end___CC2DW
  ___CC2DW
  L_end_Swap
  _Swap
